<?xml version="1.0" encoding="UTF-8"?>
<!-- Generated by org.testng.reporters.JUnitReportReporter -->
<testsuite hostname="PHMNLIT3914438L" failures="0" tests="2" name="atosAttendance.timeIn" time="45.108" errors="0" timestamp="2022-03-15T22:51:30 CST" skipped="0">
  <testcase classname="atosAttendance.timeIn" name="timeOutAttendance" time="15.719"/>
  <system-out/>
  <testcase classname="atosAttendance.timeIn" name="timeInAttendance" time="29.389"/>
  <system-out/>
</testsuite> <!-- atosAttendance.timeIn -->
