<?xml version="1.0" encoding="UTF-8"?>
<!-- Generated by org.testng.reporters.JUnitReportReporter -->
<testsuite skipped="0" hostname="PHMNLIT3914438L" name="atosAttendance.Attendance" tests="1" failures="0" timestamp="2022-03-16T00:22:35 CST" time="19.024" errors="0">
  <testcase name="timeInAttendance" time="19.024" classname="atosAttendance.Attendance"/>
  <system-out/>
</testsuite> <!-- atosAttendance.Attendance -->
